ra         dec        plate mjd fiberid  redshift      
194.629    28.23363   2240  53823  530  0.024294  
194.66228  27.953872  2240  53823  502  0.019989  
194.66973  27.826918  2241  54169  439  0.020577  
194.68976  27.753893  2241  54169  475  0.022096  
194.69362  27.901802  2241  54169  478  0.157923  
194.72764  27.79561   2240  53823  553  0.021582  
194.73587  27.82199   2240  53823  556  0.029047  
194.74782  27.934526  2241  54169  464  0.019177  
194.76732  27.959144  2241  54169  461  0.023457  
194.7699   28.050388  2240  53823  572  0.026892  
194.77853  27.772468  2240  53823  544  0.02083   
194.78782  27.897558  2241  54169  463  0.026151  
194.78943  28.040934  2241  54169  465  0.024045  
194.79017  27.867398  2241  54169  472  0.023058  
194.79811  28.009268  2241  54169  489  0.022995  
194.81246  28.251011  2241  54169  380  0.024802  
194.82648  27.71575   2240  53823  542  0.022257  
194.83216  27.973502  2240  53823  580  0.024128  
194.83922  27.973566  2241  54169  499  0.020206  
194.85758  28.186986  2241  54169  419  0.025764  
194.85896  28.287543  2240  53823  563  0.026679  
194.86377  27.785048  2241  54169  498  0.021953  
194.89702  27.863639  2241  54169  482  0.020987  
194.90404  27.82581   2241  54169  497  0.020867  
194.90619  28.166138  2240  53823  565  0.019084  
194.91447  27.854618  2241  54169  507  0.031342  
194.91988  28.185173  2240  53823  569  0.099009  
194.93422  27.867687  2240  53823  582  0.020809  
194.93728  27.737219  2241  54169  518  0.081677  
194.95877  27.924842  2241  54169  519  0.032797  
194.95953  28.144379  2241  54169  417  0.022604  
194.96251  27.83296   2241  54169  520  0.026345  
194.96443  28.073485  2240  53823  607  0.02499   
194.96567  28.09853   2240  53823  610  0.025511  
194.9786   27.796005  2240  53823  593  0.027506  
194.9838   27.746328  2241  54169  517  0.029759  
194.99005  28.0651    2240  53823  613  0.019484  
195.00622  27.731279  2241  54169  514  0.026915  
195.01253  28.240315  2240  53823  612  0.025686  
195.04265  27.863966  2240  53823  629  0.033115  
195.05681  27.867195  2241  54169  546  0.024684  
195.07728  28.097157  2240  53823  619  0.02608   
195.07738  27.815541  2241  54169  558  0.01789   
195.09028  27.898558  2241  54169  548  0.016259  
195.10342  27.92664   2241  54169  582  0.02653   
195.13528  28.256065  2241  54169  457  0.020956  
195.14344  27.934713  2241  54169  584  0.029232  
195.14759  27.942766  2240  53823  628  0.02325   
195.15777  28.058091  2241  54169  442  0.025527  
195.17153  27.895026  2241  54169  587  0.060978  
